     1                                  bits 32 ; assembling for the 32 bits architecture
     2                                  
     3                                  ; declare the EntryPoint (a label defining the very first instruction of the program)
     4                                  global start        
     5                                  
     6                                  ; declare external functions needed by our program
     7                                  extern exit, fopen, fprintf, fclose              ; tell nasm that exit exists even if we won't be defining it
     8                                  import exit msvcrt.dll    ; exit is a function that ends the calling process. It is defined in msvcrt.dll
     9                                  import fopen msvcrt.dll                          ; msvcrt.dll contains exit, printf and all the other important C-runtime specific functions
    10                                  import fprintf msvcrt.dll
    11                                  import fclose msvcrt.dll
    12                                  
    13                                  ; our data is declared here (the variables needed by our program)
    14                                  segment data use32 class=data
    15 00000000 6E616D652E74787400          filename db "name.txt", 0
    16 00000009 416E41206861532033-         text db "AnA haS 34 aPpLEs!!!", 0
    16 00000012 34206150704C457321-
    16 0000001B 212100             
    17                                      length equ $-text-1
    18 0000001E 7700                        mode db "w", 0
    19 00000020 257300                      format db "%s", 0
    20                                      
    21                                  
    22                                  ; our code starts here
    23                                  segment code use32 class=code
    24                                      start:
    25                                          ; A file name and a text (defined in the data segment) are given. The text contains lowercase letters, uppercase letters, digits and special characters. Transform all the uppercase letters from the given tex
    26                                          
    27 00000000 BE[09000000]                    mov esi, text
    28 00000005 B914000000                      mov ecx, length
    29                                          
    30                                          start_loop:
    31 0000000A 8A06                                mov al, [esi] 
    32 0000000C 3C41                                cmp al,"A"
    33 0000000E 7C08                                jl next
    34 00000010 3C5A                                cmp al,"Z"
    35 00000012 7F04                                jg next
    36                                              
    37 00000014 0420                                add al, 0x20
    38 00000016 8806                                mov [esi], al
    39                                              
    40                                              next:
    41 00000018 46                                      inc esi
    42 00000019 E2EF                                    loop start_loop
    43                                          
    44 0000001B 68[1E000000]                    push dword mode
    45 00000020 68[00000000]                    push dword filename
    46 00000025 FF15[00000000]                  call [fopen]
    47 0000002B 83C408                          add esp, 4*2
    48                                          
    49 0000002E 89C3                            mov ebx, eax
    50 00000030 68[09000000]                    push dword text
    51 00000035 68[20000000]                    push dword format
    52 0000003A 53                              push ebx
    53 0000003B FF15[00000000]                  call [fprintf]
    54 00000041 83C40C                          add esp, 4*3
    55                                          
    56 00000044 53                              push ebx
    57 00000045 FF15[00000000]                  call [fclose]
    58 0000004B 83C404                          add esp, 4*1
    59                                          
    60                                      
    61                                          ; exit(0)
    62 0000004E 6A00                            push    dword 0      ; push the parameter for exit onto the stack
    63 00000050 FF15[00000000]                  call    [exit]       ; call exit to terminate the program
