     1                                  bits 32 ; assembling for the 32 bits architecture
     2                                  
     3                                  ; declare the EntryPoint (a label defining the very first instruction of the program)
     4                                  global start        
     5                                  
     6                                  ; declare external functions needed by our program
     7                                  extern exit, printf, scanf              ; tell nasm that exit exists even if we won't be defining it
     8                                  import exit msvcrt.dll    ; exit is a function that ends the calling process. It is defined in msvcrt.dll
     9                                  import printf msvcrt.dll
    10                                  import scanf msvcrt.dll                         ; msvcrt.dll contains exit, printf and all the other important C-runtime specific functions
    11                                  
    12                                  ; our data is declared here (the variables needed by our program)
    13                                  segment data use32 class=data
    14 00000000 4E756D626572206120-         message1 db "Number a = ", 0
    14 00000009 3D2000             
    15 0000000C 4E756D626572206220-         message2 db "Number b = ", 0
    15 00000015 3D2000             
    16 00000018 612B62203D20256400          message3 db "a+b = %d", 0 
    17 00000021 257800                      format db "%x", 0
    18 00000024 00000000                    a dd 0
    19 00000028 00000000                    b dd 0
    20                                  
    21                                  ; our code starts here
    22                                  segment code use32 class=code
    23                                      start:
    24                                          ; Read two numbers a and b (in base 16) from the keyboard and calculate a+b. Display the result in base 10
    25                                          
    26                                          ; scanf(msg, addr1, addr2, ...)
    27 00000000 68[00000000]                    push dword message1
    28 00000005 FF15[00000000]                  call [printf]
    29 0000000B 83C404                          add esp, 4*1
    30                                          
    31 0000000E 68[24000000]                    push dword a
    32 00000013 68[21000000]                    push dword format
    33 00000018 FF15[00000000]                  call [scanf]
    34 0000001E 83C408                          add esp, 4*2
    35                                          
    36 00000021 68[0C000000]                    push dword message2
    37 00000026 FF15[00000000]                  call [printf]
    38 0000002C 83C404                          add esp, 4*1
    39                                          
    40 0000002F 68[28000000]                    push dword b
    41 00000034 68[21000000]                    push dword format
    42 00000039 FF15[00000000]                  call [scanf]
    43 0000003F 83C408                          add esp, 4*2
    44                                          
    45                                          ;printf(msg, mem1, mem2, ...)
    46 00000042 8B1D[24000000]                  mov ebx, [a]
    47 00000048 031D[28000000]                  add ebx, [b]
    48 0000004E 53                              push ebx
    49 0000004F 68[18000000]                    push dword message3
    50 00000054 FF15[00000000]                  call [printf]
    51 0000005A 83C408                          add esp, 4*2
    52                                          
    53                                          
    54                                          ; exit(0)
    55 0000005D 6A00                            push    dword 0      ; push the parameter for exit onto the stack
    56 0000005F FF15[00000000]                  call    [exit]       ; call exit to terminate the  program
