     1                                  bits 32 ; assembling for the 32 bits architecture
     2                                  
     3                                  ; declare the EntryPoint (a label defining the very first instruction of the program)
     4                                  global start        
     5                                  
     6                                  ; declare external functions needed by our program
     7                                  extern exit               ; tell nasm that exit exists even if we won't be defining it
     8                                  import exit msvcrt.dll    ; exit is a function that ends the calling process. It is defined in msvcrt.dll
     9                                                            ; msvcrt.dll contains exit, printf and all the other important C-runtime specific functions
    10                                  
    11                                  ; our data is declared here (the variables needed by our program)
    12                                  segment data use32 class=data
    13 00000000 02                          a db 2
    14 00000001 0400                        b dw 4
    15 00000003 09000000                    c dd 9
    16 00000007 0300000000000000            d dq 3
    17                                  
    18                                  ; our code starts here
    19                                  segment code use32 class=code
    20                                      start:
    21                                          ; (c-b+a)-(d+a) = 6  - 5 = 1
    22                                          
    23 00000000 B800000000                      mov eax, 0
    24 00000005 BB00000000                      mov ebx, 0
    25 0000000A B900000000                      mov ecx, 0
    26 0000000F BA00000000                      mov edx, 0
    27                                          
    28                                         
    29 00000014 66A1[01000000]                  mov ax, [b]
    30 0000001A 98                              cwde
    31 0000001B 2905[03000000]                  sub [c], eax
    32 00000021 A0[00000000]                    mov al, [a]
    33 00000026 6698                            cbw
    34 00000028 98                              cwde
    35 00000029 1105[03000000]                  adc [c], eax ;prima () in ebx
    36                                          
    37                                         
    38 0000002F 1105[07000000]                  adc [d], eax
    39 00000035 1115[0B000000]                  adc [d+4], edx
    40                                        
    41 0000003B A1[03000000]                    mov eax, [c]
    42 00000040 99                              cdq
    43                                           
    44 00000041 1B05[07000000]                  sbb eax, [d]
    45 00000047 1B15[0B000000]                  sbb edx, [d+4]
    46                                         
    47                                          
    48                                          
    49                                      
    50                                          ; exit(0)
    51 0000004D 6A00                            push    dword 0      ; push the parameter for exit onto the stack
    52 0000004F FF15[00000000]                  call    [exit]       ; call exit to terminate the program
