     1                                  bits 32 ; assembling for the 32 bits architecture
     2                                  
     3                                  ; declare the EntryPoint (a label defining the very first instruction of the program)
     4                                  global start        
     5                                  
     6                                  ; declare external functions needed by our program
     7                                  extern exit               ; tell nasm that exit exists even if we won't be defining it
     8                                  import exit msvcrt.dll    ; exit is a function that ends the calling process. It is defined in msvcrt.dll
     9                                                            ; msvcrt.dll contains exit, printf and all the other important C-runtime specific functions
    10                                  
    11                                  ; our data is declared here (the variables needed by our program)
    12                                  segment data use32 class=data
    13 00000000 01                          b db 1
    14 00000001 02                          c db 2
    15 00000002 0500                        e dw 5h
    16 00000004 0500                        g dw 5h
    17                                  
    18                                  ; our code starts here
    19                                  segment code use32 class=code
    20                                      start:
    21                                          ; 26. (e+g-2*b)/c
    22 00000000 BB00000000                      mov ebx, 0 
    23 00000005 B800000000                      mov eax, 0
    24 0000000A 66BA0000                        mov dx, 0
    25                                          
    26 0000000E 668B1D[02000000]                mov bx, [e]
    27 00000015 66031D[04000000]                add bx, [g]
    28                                  
    29 0000001C A0[00000000]                    mov al, [b]
    30 00000021 B102                            mov cl, 2
    31 00000023 F6E1                            mul cl
    32 00000025 29C3                            sub ebx, eax
    33                                          
    34 00000027 89D8                            mov eax, ebx
    35 00000029 8A1D[01000000]                  mov bl, [c]
    36 0000002F 66F7F3                          div bx
    37                                         
    38                                          
    39                                          
    40                                          
    41                                          ; exit(0)
    42 00000032 6A00                            push    dword 0      ; push the parameter for exit onto the stack
    43 00000034 FF15[00000000]                  call    [exit]       ; call exit to terminate the program
