     1                                  bits 32 ; assembling for the 32 bits architecture
     2                                  
     3                                  ; declare the EntryPoint (a label defining the very first instruction of the program)
     4                                  global start        
     5                                  
     6                                  ; declare external functions needed by our program
     7                                  extern exit               ; tell nasm that exit exists even if we won't be defining it
     8                                  import exit msvcrt.dll    ; exit is a function that ends the calling process. It is defined in msvcrt.dll
     9                                                            ; msvcrt.dll contains exit, printf and all the other important C-runtime specific functions
    10                                  
    11                                  ; our data is declared here (the variables needed by our program)
    12                                  segment data use32 class=data
    13 00000000 0700                        a dw 7h
    14 00000002 0200                        b dw 2h
    15 00000004 0300                        c dw 3h
    16 00000006 0100                        d dw 1h
    17                                      
    18                                  ; our code starts here
    19                                  segment code use32 class=code
    20                                      start:
    21                                          ; 26. (a+c)-(b+b+d)
    22 00000000 B800000000                      mov eax, 0
    23 00000005 BB00000000                      mov ebx, 0
    24                                          
    25 0000000A 66A1[00000000]                  mov ax, [a]
    26 00000010 0305[04000000]                  add eax, [c]
    27 00000016 668B1D[02000000]                mov bx, [b]
    28 0000001D 031D[02000000]                  add ebx, [b]
    29 00000023 66031D[06000000]                add bx, [d]
    30 0000002A 29D8                            sub eax, ebx
    31                                      
    32                                          ; exit(0)
    33 0000002C 6A00                            push    dword 0      ; push the parameter for exit onto the stack
    34 0000002E FF15[00000000]                  call    [exit]       ; call exit to terminate the program
