     1                                  bits 32 ; assembling for the 32 bits architecture
     2                                  
     3                                  ; declare the EntryPoint (a label defining the very first instruction of the program)
     4                                  global start        
     5                                  
     6                                  ; declare external functions needed by our program
     7                                  extern exit               ; tell nasm that exit exists even if we won't be defining it
     8                                  import exit msvcrt.dll    ; exit is a function that ends the calling process. It is defined in msvcrt.dll
     9                                                            ; msvcrt.dll contains exit, printf and all the other important C-runtime specific functions
    10                                  
    11                                  ; our data is declared here (the variables needed by our program)
    12                                  segment data use32 class=data
    13 00000000 0103FEFB03F80500            s db 1, 3, -2, -5, 3, -8, 5, 0
    14                                      len equ $-s
    15 00000008 00<rept>                    d1 times len db 0
    16 00000010 00<rept>                    d2 times len db 0
    17 00000018 00                          i db 0
    18 00000019 00                          j db 0
    19                                  ; our code starts here
    20                                  segment code use32 class=code
    21                                      start:
    22                                          ; A byte string S is given. Obtain the string D1 which contains all the positive numbers of S and the string D2 which contains all the negative numbers of S.
    23                                          ; Example:
    24                                              ; S: 1, 3, -2, -5, 3, -8, 5, 0
    25                                              ; D1: 1, 3, 3, 5, 0
    26                                              ; D2: -2, -5, -8
    27 00000000 B800000000                      mov eax, 0
    28                                          
    29 00000005 BE00000000                      mov esi, 0 ; source index
    30 0000000A BB00000000                      mov ebx, 0 ; destination index -> bl
    31                                          
    32                                          start_loop:
    33 0000000F 8A86[00000000]                      mov al, [s+esi]
    34 00000015 3C00                                cmp al, 0
    35 00000017 7816                                js put_d2 ; signed byte
    36                                              
    37 00000019 8A1D[18000000]                      mov bl, [i]
    38 0000001F 8883[08000000]                      mov [d1 + ebx], al
    39 00000025 FEC3                                inc bl
    40 00000027 881D[18000000]                      mov [i], bl
    41 0000002D EB13                                jmp end_if
    42                                              
    43                                              put_d2:
    44 0000002F 8A1D[19000000]                          mov bl, [j]
    45 00000035 8883[10000000]                          mov [d2 + ebx], al
    46 0000003B 43                                      inc ebx
    47 0000003C 881D[19000000]                          mov [j], bl
    48                                              end_if:
    49 00000042 46                                      inc esi
    50 00000043 83FE08                                  cmp esi, len
    51 00000046 7402                                    je end
    52 00000048 E2C5                            loop start_loop
    53                                          end:
    54                                          ; exit(0)
    55 0000004A 6A00                            push    dword 0      ; push the parameter for exit onto the stack
    56 0000004C FF15[00000000]                  call    [exit]       ; call exit to terminate the program
